New loan update
----------------
Roll No: 1000000000 Current borrowed: 50000 Interest rate 17 New borrowed: 50023.29
Roll No: 1000000001 Current borrowed: 50000 Interest rate 17 New borrowed: 50023.29
Roll No: 1000000002 Current borrowed: 10000 Interest rate 17 New borrowed: 10004.66


 New saving update
----------------
Acc No: 1004321120 Current balance :496 Interest rate: 7 New balance:496.1
Acc No: 1006573927 Current balance :1150 Interest rate: 10 New balance:1150.32
Acc No: 1009133195 Current balance :5000 Interest rate: 7 New balance:5000.96


Wait for next update
---------------------
New loan update
----------------
Roll No: 1000000000 Current borrowed: 50023.29 Interest rate 17 New borrowed: 50046.59
Roll No: 1000000001 Current borrowed: 50023.29 Interest rate 17 New borrowed: 50046.59
Roll No: 1000000002 Current borrowed: 10004.66 Interest rate 17 New borrowed: 10009.32


 New saving update
----------------
Acc No: 1004321120 Current balance :496.1 Interest rate: 7 New balance:496.2
Acc No: 1006573927 Current balance :1150.32 Interest rate: 10 New balance:1150.64
Acc No: 1009133195 Current balance :5000.96 Interest rate: 7 New balance:5001.92


Wait for next update
---------------------
